<?xml version="1.0" encoding="UTF-8"?>
<!-- Generated by org.testng.reporters.JUnitXMLReporter -->
<testsuite ignored="0" hostname="igor" failures="0" tests="6" name="Command line test" time="31.537" errors="0" timestamp="2023-03-22T20:46:21 WET">
  <testcase classname="TesteCadastro" name="deveRealizarCadastroComSucesso" time="7.78"/>
  <testcase classname="TesteCadastro" name="deveValidarComidaVegetariana" time="0.788"/>
  <testcase classname="TesteCadastro" name="deveValidarEsportistaIndeciso" time="1.041"/>
  <testcase classname="TesteCadastro" name="deveValidarNomeObrigatorio" time="0.097"/>
  <testcase classname="TesteCadastro" name="deveValidarSexoObrigatorio" time="0.133"/>
  <testcase classname="TesteCadastro" name="deveValidarSobrenomeObrigatorio" time="0.12"/>
</testsuite> <!-- Command line test -->
