<?xml version="1.0" encoding="UTF-8"?>
<!-- Generated by org.testng.reporters.JUnitXMLReporter -->
<testsuite ignored="0" hostname="igor" failures="0" tests="3" name="Command line test" time="14.59" errors="0" timestamp="2023-03-22T22:00:55 WET">
  <testcase classname="TestAlert" name="deveInteragirComAlertConfimr" time="2.736"/>
  <testcase classname="TestAlert" name="deveInteragirComAlertPrompt" time="2.175"/>
  <testcase classname="TestAlert" name="deveInteragirComAlertSimples" time="0.113"/>
</testsuite> <!-- Command line test -->
