<?xml version="1.0" encoding="UTF-8"?>
<!-- Generated by org.testng.reporters.JUnitXMLReporter -->
<testsuite ignored="0" hostname="igor" failures="0" tests="3" name="Command line test" time="11.212" errors="0" timestamp="2023-03-22T22:27:14 WET">
  <testcase classname="TesteFramesEJanelas" name="deveInteragirComFrames" time="0.148"/>
  <testcase classname="TesteFramesEJanelas" name="deveInteragirComJanelas" time="0.718"/>
  <testcase classname="TesteFramesEJanelas" name="deveInteragirComJanelasSemTitulo" time="0.566"/>
</testsuite> <!-- Command line test -->
