<?xml version="1.0" encoding="UTF-8"?>
<!-- Generated by org.testng.reporters.JUnitXMLReporter -->
<testsuite ignored="0" hostname="igor" failures="0" tests="10" name="Command line test" time="38.414" errors="0" timestamp="2023-03-20T22:05:10 WET">
  <testcase classname="TesteCampoTreinamento" name="deveBuscarTextosNaPagina" time="0.036"/>
  <testcase classname="TesteCampoTreinamento" name="deveInteragirComBotoes" time="0.251"/>
  <testcase classname="TesteCampoTreinamento" name="deveInteragirComCheckbox" time="0.231"/>
  <testcase classname="TesteCampoTreinamento" name="deveInteragirComCombo" time="0.281"/>
  <testcase classname="TesteCampoTreinamento" name="deveInteragirComLinks" time="0.046"/>
  <testcase classname="TesteCampoTreinamento" name="deveInteragirComRadioButton" time="0.233"/>
  <testcase classname="TesteCampoTreinamento" name="deveInteragirComTextArea" time="0.069"/>
  <testcase classname="TesteCampoTreinamento" name="deveVerificarValoresCombo" time="0.054"/>
  <testcase classname="TesteCampoTreinamento" name="deveVerificarValoresComboMultiplo" time="0.979"/>
  <testcase classname="TesteCampoTreinamento" name="testeTextField" time="0.036"/>
</testsuite> <!-- Command line test -->
