<?xml version="1.0" encoding="UTF-8"?>
<!-- Generated by org.testng.reporters.JUnitXMLReporter -->
<testsuite ignored="0" hostname="igor" failures="0" tests="5" name="Command line test" time="26.673" errors="0" timestamp="2023-12-18T21:50:35 WET">
  <testcase classname="eCommerceTest" name="addItemIntoCart" time="0.87"/>
  <testcase classname="eCommerceTest" name="updateQuantitytemIntoCart" time="1.098"/>
  <testcase classname="eCommerceTest" name="removeItemFromCart" time="1.511"/>
  <testcase classname="eCommerceTest" name="jumpToItemDetails" time="1.281"/>
  <testcase classname="eCommerceTest" name="startCheckOutProcess" time="1.841"/>
</testsuite> <!-- Command line test -->
