<?xml version="1.0" encoding="UTF-8"?>
<!-- Generated by org.testng.reporters.JUnitXMLReporter -->
<testsuite ignored="0" hostname="igor" failures="0" tests="23" name="Command line test" time="110.926" errors="0" timestamp="2023-03-20T22:27:32 WET">
  <testcase classname="TestAlert" name="deveInteragirComAlertConfimr" time="6.222"/>
  <testcase classname="TestAlert" name="deveInteragirComAlertPrompt" time="4.129"/>
  <testcase classname="TestAlert" name="deveInteragirComAlertSimples" time="0.11"/>
  <testcase classname="TesteCampoTreinamento" name="deveBuscarTextosNaPagina" time="0.032"/>
  <testcase classname="TesteCampoTreinamento" name="deveInteragirComBotoes" time="0.248"/>
  <testcase classname="TesteCampoTreinamento" name="deveInteragirComCheckbox" time="0.232"/>
  <testcase classname="TesteCampoTreinamento" name="deveInteragirComCombo" time="0.27"/>
  <testcase classname="TesteCampoTreinamento" name="deveInteragirComLinks" time="0.047"/>
  <testcase classname="TesteCampoTreinamento" name="deveInteragirComRadioButton" time="0.227"/>
  <testcase classname="TesteCampoTreinamento" name="deveInteragirComTextArea" time="0.069"/>
  <testcase classname="TesteCampoTreinamento" name="deveVerificarValoresCombo" time="0.053"/>
  <testcase classname="TesteCampoTreinamento" name="deveVerificarValoresComboMultiplo" time="0.978"/>
  <testcase classname="TesteCampoTreinamento" name="testeTextField" time="0.035"/>
  <testcase classname="TesteCadastro" name="deveRealizarCadastroComSucesso" time="7.723"/>
  <testcase classname="TesteCadastro" name="deveValidarComidaVegetariana" time="4.267"/>
  <testcase classname="TesteCadastro" name="deveValidarEsportistaIndeciso" time="5.024"/>
  <testcase classname="TesteCadastro" name="deveValidarNomeObrigatorio" time="1.077"/>
  <testcase classname="TesteCadastro" name="deveValidarSexoObrigatorio" time="2.109"/>
  <testcase classname="TesteCadastro" name="deveValidarSobrenomeObrigatorio" time="1.617"/>
  <testcase classname="TesteFramesEJanelas" name="deveInteragirComFrames" time="0.149"/>
  <testcase classname="TesteFramesEJanelas" name="deveInteragirComJanelas" time="0.569"/>
  <testcase classname="TesteFramesEJanelas" name="deveInteragirComJanelasSemTitulo" time="0.539"/>
  <testcase classname="TesteGoogle" name="teste" time="1.049"/>
</testsuite> <!-- Command line test -->
