<?xml version="1.0" encoding="UTF-8" ?>
<testsuite tests="23" failures="0" name="TestSuite" time="36.776" errors="0" skipped="0">
  <properties>
[...]
</properties>
  <testcase classname="TestAlert" name="deveInteragirComAlertConfimr" time="6.224"/>
  <testcase classname="TestAlert" name="deveInteragirComAlertPrompt" time="4.129"/>
  <testcase classname="TestAlert" name="deveInteragirComAlertSimples" time="0.111"/>
  <testcase classname="TesteCampoTreinamento" name="deveBuscarTextosNaPagina" time="0.031"/>
  <testcase classname="TesteCampoTreinamento" name="deveInteragirComBotoes" time="0.249"/>
  <testcase classname="TesteCampoTreinamento" name="deveInteragirComCheckbox" time="0.232"/>
  <testcase classname="TesteCampoTreinamento" name="deveInteragirComCombo" time="0.27"/>
  <testcase classname="TesteCampoTreinamento" name="deveInteragirComLinks" time="0.047"/>
  <testcase classname="TesteCampoTreinamento" name="deveInteragirComRadioButton" time="0.227"/>
  <testcase classname="TesteCampoTreinamento" name="deveInteragirComTextArea" time="0.07"/>
  <testcase classname="TesteCampoTreinamento" name="deveVerificarValoresCombo" time="0.054"/>
  <testcase classname="TesteCampoTreinamento" name="deveVerificarValoresComboMultiplo" time="0.978"/>
  <testcase classname="TesteCampoTreinamento" name="testeTextField" time="0.035"/>
  <testcase classname="TesteCadastro" name="deveRealizarCadastroComSucesso" time="7.723"/>
  <testcase classname="TesteCadastro" name="deveValidarComidaVegetariana" time="4.266"/>
  <testcase classname="TesteCadastro" name="deveValidarEsportistaIndeciso" time="5.024"/>
  <testcase classname="TesteCadastro" name="deveValidarNomeObrigatorio" time="1.076"/>
  <testcase classname="TesteCadastro" name="deveValidarSexoObrigatorio" time="2.108"/>
  <testcase classname="TesteCadastro" name="deveValidarSobrenomeObrigatorio" time="1.617"/>
  <testcase classname="TesteFramesEJanelas" name="deveInteragirComFrames" time="0.149"/>
  <testcase classname="TesteFramesEJanelas" name="deveInteragirComJanelas" time="0.569"/>
  <testcase classname="TesteFramesEJanelas" name="deveInteragirComJanelasSemTitulo" time="0.539"/>
  <testcase classname="TesteGoogle" name="teste" time="1.048"/>
</testsuite>